Last login: Sun Apr 18 10:37:57 2021 from 192.168.11.100
[control@TMT ~]$ pwd
/home/control
[control@TMT ~]$ ls
Firefox_wallpaper.png  a.txt	test/	    ダウンロード/  デスクトップ/  ビデオ/  画像/
HSA_ADM.zip*	       opencv/	workspace/  テンプレート/  ドキュメント/  音楽/    公開/
[control@TMT ~]$ exit
logout
Last login: Sun Apr 18 10:39:20 2021 from 192.168.11.100
[control@TMT ~]$ ll
合計 1.7M
-rw-rw-r--. 1 control control 470K  5月 16 19:02 2020 Firefox_wallpaper.png
-rwxrwxrwx. 1 control control 1.2M  2月 23 19:57 2016 HSA_ADM.zip*
-rw-rw-r--  1 control control    0  3月 10 21:52 2021 a.txt
drwxr-xr-x. 2 root    root    4.0K 11月  5 18:18 2016 opencv/
drwxrwxrwx. 4 root    root    4.0K  2月 22 23:03 2016 test/
drwxrwxr-x. 8 control control 4.0K  2月 24 22:38 2016 workspace/
drwxr-xr-x. 2 control control 4.0K  2月  9 22:28 2016 ダウンロード/
drwxr-xr-x. 2 control control 4.0K  2月  9 22:28 2016 テンプレート/
drwxr-xr-x. 3 control control 4.0K  6月 22 20:44 2019 デスクトップ/
drwxr-xr-x. 2 control control 4.0K  2月  9 22:28 2016 ドキュメント/
drwxr-xr-x. 2 control control 4.0K  2月  9 22:28 2016 ビデオ/
drwxr-xr-x. 2 control control 4.0K  2月  9 22:28 2016 音楽/
drwxr-xr-x. 2 control control 4.0K  2月  9 22:28 2016 画像/
drwxr-xr-x. 2 control control 4.0K  2月  9 22:28 2016 公開/
[control@TMT ~]$ Last login: Sun Apr 18 10:47:29 2021 from 192.168.11.100
[control@TMT ~]$ 